2026-02-21 21:25:47,227 [INFO] ==================================================
2026-02-21 21:25:47,229 [INFO]   🍪 Cookie Clicker Bot — Avvio
2026-02-21 21:25:47,229 [INFO] ==================================================
2026-02-21 21:25:49,211 [INFO] [INIT] Cerco la finestra di Cookie Clicker su Steam...
2026-02-21 21:25:49,524 [INFO] [WINDOW] Finestra trovata: WindowRect(left=-9, top=-9, width=1938, height=1038)
2026-02-21 21:25:49,524 [INFO] [INIT] Finestra trovata: WindowRect(left=-9, top=-9, width=1938, height=1038)
2026-02-21 21:25:49,529 [INFO] [SCREEN] Template Golden Cookie caricato: C:\Users\Laptop\OneDrive\Desktop\bot cookie clicker\golden_cookie_template.png
2026-02-21 21:25:54,624 [INFO] [INIT] Prima lettura dello stato del gioco...
2026-02-21 21:26:02,398 [INFO] [INIT] Stato iniziale: GameState(cookies=0, cps=0.0, buildings=0, upgrades=8)
2026-02-21 21:26:02,399 [INFO] [CLICKER] Avviato — 20 click/sec
2026-02-21 21:26:02,399 [INFO] [THREAD] 'CookieClicker' avviato.
2026-02-21 21:26:02,399 [INFO] [GOLDEN] Scanner avviato — ogni 0.5s
2026-02-21 21:26:02,399 [INFO] [THREAD] 'GoldenCookie' avviato.
2026-02-21 21:26:02,447 [INFO] [BUY] Loop acquisti avviato — ogni 2.0s
2026-02-21 21:26:02,447 [INFO] [THREAD] 'BuyLoop' avviato.
2026-02-21 21:26:02,500 [INFO] 
2026-02-21 21:26:02,521 [INFO] ✅ Bot attivo! Premi CTRL+C per fermarlo.
2026-02-21 21:26:02,525 [INFO] 
2026-02-21 21:26:20,111 [INFO] [BUY] Acquisto: Upgrade #0 (costo: 0 | payoff: 0.0s)
2026-02-21 21:26:32,547 [INFO] [STATS] 🍪 Cookie: 0 | CPS: 0.0 | Strutture: 0
2026-02-21 21:26:36,696 [INFO] [BUY] Acquisto: Upgrade #0 (costo: 0 | payoff: 0.0s)
2026-02-21 21:26:53,650 [INFO] [BUY] Acquisto: Upgrade #0 (costo: 0 | payoff: 0.0s)
2026-02-21 21:27:02,556 [INFO] [STATS] 🍪 Cookie: 0 | CPS: 0.0 | Strutture: 0
2026-02-21 21:27:11,014 [INFO] [BUY] Acquisto: Upgrade #0 (costo: 0 | payoff: 0.0s)
2026-02-21 21:27:26,806 [INFO] [BUY] Acquisto: Upgrade #0 (costo: 0 | payoff: 0.0s)
2026-02-21 21:27:32,592 [INFO] [STATS] 🍪 Cookie: 0 | CPS: 0.0 | Strutture: 0
2026-02-21 21:27:44,364 [INFO] [BUY] Acquisto: Upgrade #0 (costo: 0 | payoff: 0.0s)
2026-02-21 21:28:00,917 [INFO] [BUY] Acquisto: Upgrade #0 (costo: 0 | payoff: 0.0s)
2026-02-21 21:28:02,598 [INFO] [STATS] 🍪 Cookie: 0 | CPS: 0.0 | Strutture: 0
2026-02-21 21:28:17,699 [INFO] [BUY] Acquisto: Upgrade #0 (costo: 0 | payoff: 0.0s)
2026-02-21 21:28:32,601 [INFO] [STATS] 🍪 Cookie: 2 | CPS: 0.0 | Strutture: 0
2026-02-21 21:28:34,249 [INFO] [BUY] Acquisto: Upgrade #0 (costo: 0 | payoff: 0.0s)
2026-02-21 21:28:51,414 [INFO] [BUY] Acquisto: Upgrade #0 (costo: 0 | payoff: 0.0s)
2026-02-21 21:29:02,611 [INFO] [STATS] 🍪 Cookie: 2 | CPS: 0.0 | Strutture: 0
2026-02-21 21:29:10,335 [INFO] [BUY] Acquisto: Upgrade #0 (costo: 0 | payoff: 0.0s)
2026-02-21 21:29:28,198 [INFO] [BUY] Acquisto: Upgrade #0 (costo: 0 | payoff: 0.0s)
2026-02-21 21:29:32,632 [INFO] [STATS] 🍪 Cookie: 2 | CPS: 0.0 | Strutture: 0
2026-02-21 21:29:44,989 [INFO] [BUY] Acquisto: Upgrade #0 (costo: 0 | payoff: 0.0s)
2026-02-21 21:30:01,571 [INFO] [BUY] Acquisto: Upgrade #0 (costo: 0 | payoff: 0.0s)
2026-02-21 21:30:02,636 [INFO] [STATS] 🍪 Cookie: 2 | CPS: 0.0 | Strutture: 0
2026-02-21 21:30:18,732 [INFO] [BUY] Acquisto: Upgrade #0 (costo: 0 | payoff: 0.0s)
2026-02-21 21:30:32,641 [INFO] [STATS] 🍪 Cookie: 2 | CPS: 0.0 | Strutture: 0
2026-02-21 21:30:33,406 [INFO] [BUY] Acquisto: Upgrade #0 (costo: 0 | payoff: 0.0s)
2026-02-21 21:30:48,871 [INFO] [BUY] Acquisto: Upgrade #0 (costo: 0 | payoff: 0.0s)
2026-02-21 21:31:02,645 [INFO] [STATS] 🍪 Cookie: 2 | CPS: 0.0 | Strutture: 0
2026-02-21 21:31:05,951 [INFO] [BUY] Acquisto: Upgrade #0 (costo: 0 | payoff: 0.0s)
2026-02-21 21:31:22,112 [INFO] [BUY] Acquisto: Upgrade #0 (costo: 0 | payoff: 0.0s)
2026-02-21 21:31:32,648 [INFO] [STATS] 🍪 Cookie: 2 | CPS: 0.0 | Strutture: 0
2026-02-21 21:31:39,976 [INFO] [BUY] Acquisto: Upgrade #0 (costo: 0 | payoff: 0.0s)
2026-02-21 21:31:57,033 [INFO] [BUY] Acquisto: Upgrade #0 (costo: 0 | payoff: 0.0s)
2026-02-21 21:32:02,677 [INFO] [STATS] 🍪 Cookie: 2 | CPS: 0.0 | Strutture: 0
2026-02-21 21:32:13,141 [INFO] [BUY] Acquisto: Upgrade #0 (costo: 0 | payoff: 0.0s)
2026-02-21 21:32:30,001 [INFO] [BUY] Acquisto: Upgrade #0 (costo: 0 | payoff: 0.0s)
2026-02-21 21:32:32,690 [INFO] [STATS] 🍪 Cookie: 2 | CPS: 0.0 | Strutture: 0
2026-02-21 21:32:46,543 [INFO] [BUY] Acquisto: Upgrade #0 (costo: 0 | payoff: 0.0s)
2026-02-21 21:33:02,694 [INFO] [STATS] 🍪 Cookie: 2 | CPS: 0.0 | Strutture: 0
2026-02-21 21:33:03,352 [INFO] [BUY] Acquisto: Upgrade #0 (costo: 0 | payoff: 0.0s)
2026-02-21 21:33:20,834 [INFO] [BUY] Acquisto: Upgrade #0 (costo: 0 | payoff: 0.0s)
2026-02-21 21:33:32,700 [INFO] [STATS] 🍪 Cookie: 2 | CPS: 901,520.0 | Strutture: 0
2026-02-21 21:33:36,683 [INFO] [BUY] Acquisto: Upgrade #0 (costo: 0 | payoff: 0.0s)
2026-02-21 21:33:53,679 [INFO] [BUY] Acquisto: Upgrade #0 (costo: 0 | payoff: 0.0s)
2026-02-21 21:34:02,709 [INFO] [STATS] 🍪 Cookie: 2 | CPS: 901,520.0 | Strutture: 0
2026-02-21 21:34:12,345 [INFO] [BUY] Acquisto: Upgrade #0 (costo: 0 | payoff: 0.0s)
2026-02-21 21:34:28,555 [INFO] [BUY] Acquisto: Upgrade #0 (costo: 0 | payoff: 0.0s)
2026-02-21 21:34:32,714 [INFO] [STATS] 🍪 Cookie: 2 | CPS: 901,520.0 | Strutture: 0
2026-02-21 21:34:45,868 [INFO] [BUY] Acquisto: Upgrade #0 (costo: 0 | payoff: 0.0s)
2026-02-21 21:35:02,672 [INFO] [BUY] Acquisto: Upgrade #0 (costo: 0 | payoff: 0.0s)
2026-02-21 21:35:02,715 [INFO] [STATS] 🍪 Cookie: 2 | CPS: 520.0 | Strutture: 0
2026-02-21 21:35:19,602 [INFO] [BUY] Acquisto: Upgrade #0 (costo: 0 | payoff: 0.0s)
2026-02-21 21:35:32,745 [INFO] [STATS] 🍪 Cookie: 2 | CPS: 3.7 | Strutture: 0
2026-02-21 21:35:36,133 [INFO] [BUY] Acquisto: Upgrade #0 (costo: 0 | payoff: 0.0s)
2026-02-21 21:35:53,142 [INFO] [BUY] Acquisto: Upgrade #0 (costo: 0 | payoff: 0.0s)
2026-02-21 21:36:02,763 [INFO] [STATS] 🍪 Cookie: 2 | CPS: 3.7 | Strutture: 0
2026-02-21 21:36:10,392 [INFO] [BUY] Acquisto: Upgrade #0 (costo: 0 | payoff: 0.0s)
2026-02-21 21:36:26,587 [INFO] [BUY] Acquisto: Upgrade #0 (costo: 0 | payoff: 0.0s)
2026-02-21 21:36:32,766 [INFO] [STATS] 🍪 Cookie: 2 | CPS: 3.5 | Strutture: 0
2026-02-21 21:36:43,726 [INFO] [BUY] Acquisto: Upgrade #0 (costo: 0 | payoff: 0.0s)
2026-02-21 21:37:01,945 [INFO] [BUY] Acquisto: Upgrade #0 (costo: 0 | payoff: 0.0s)
2026-02-21 21:37:02,767 [INFO] [STATS] 🍪 Cookie: 2 | CPS: 3.5 | Strutture: 0
2026-02-21 21:37:18,661 [INFO] [BUY] Acquisto: Upgrade #0 (costo: 0 | payoff: 0.0s)
2026-02-21 21:37:32,771 [INFO] [STATS] 🍪 Cookie: 2 | CPS: 3.5 | Strutture: 0
2026-02-21 21:37:36,572 [INFO] [BUY] Acquisto: Upgrade #0 (costo: 0 | payoff: 0.0s)
2026-02-21 21:37:52,937 [INFO] [BUY] Acquisto: Upgrade #0 (costo: 0 | payoff: 0.0s)
2026-02-21 21:38:02,777 [INFO] [STATS] 🍪 Cookie: 2 | CPS: 3.5 | Strutture: 0
2026-02-21 21:38:09,776 [INFO] [BUY] Acquisto: Upgrade #0 (costo: 0 | payoff: 0.0s)
2026-02-21 21:38:26,858 [INFO] [BUY] Acquisto: Upgrade #0 (costo: 0 | payoff: 0.0s)
2026-02-21 21:38:32,797 [INFO] [STATS] 🍪 Cookie: 2 | CPS: 3.5 | Strutture: 0
2026-02-21 21:38:45,213 [INFO] [BUY] Acquisto: Upgrade #0 (costo: 0 | payoff: 0.0s)
2026-02-21 21:39:02,360 [INFO] [BUY] Acquisto: Upgrade #0 (costo: 0 | payoff: 0.0s)
2026-02-21 21:39:02,861 [INFO] [STATS] 🍪 Cookie: 2 | CPS: 3.5 | Strutture: 0
2026-02-21 21:39:20,514 [INFO] [BUY] Acquisto: Upgrade #0 (costo: 0 | payoff: 0.0s)
2026-02-21 21:39:32,866 [INFO] [STATS] 🍪 Cookie: 2 | CPS: 0.0 | Strutture: 0
2026-02-21 21:39:37,779 [INFO] [BUY] Acquisto: Upgrade #0 (costo: 0 | payoff: 0.0s)
2026-02-21 21:39:54,926 [INFO] [BUY] Acquisto: Upgrade #0 (costo: 0 | payoff: 0.0s)
2026-02-21 21:40:02,868 [INFO] [STATS] 🍪 Cookie: 200,000 | CPS: 0.0 | Strutture: 0
2026-02-21 21:40:09,999 [INFO] [BUY] Acquisto: Upgrade #0 (costo: 0 | payoff: 0.0s)
2026-02-21 21:40:25,216 [INFO] [BUY] Acquisto: Upgrade #0 (costo: 0 | payoff: 0.0s)
2026-02-21 21:40:32,873 [INFO] [STATS] 🍪 Cookie: 200,000 | CPS: 0.0 | Strutture: 0
2026-02-21 21:40:42,131 [INFO] [BUY] Acquisto: Upgrade #0 (costo: 0 | payoff: 0.0s)
2026-02-21 21:40:57,804 [INFO] [BUY] Acquisto: Upgrade #0 (costo: 0 | payoff: 0.0s)
2026-02-21 21:41:02,875 [INFO] [STATS] 🍪 Cookie: 200,000 | CPS: 0.0 | Strutture: 0
2026-02-21 21:41:14,324 [INFO] [BUY] Acquisto: Upgrade #0 (costo: 0 | payoff: 0.0s)
2026-02-21 21:41:30,907 [INFO] [BUY] Acquisto: Upgrade #0 (costo: 0 | payoff: 0.0s)
2026-02-21 21:41:32,884 [INFO] [STATS] 🍪 Cookie: 200,000 | CPS: 8.0 | Strutture: 0
2026-02-21 21:41:46,873 [INFO] [BUY] Acquisto: Upgrade #0 (costo: 0 | payoff: 0.0s)
2026-02-21 21:42:02,318 [INFO] [BUY] Acquisto: Upgrade #0 (costo: 0 | payoff: 0.0s)
2026-02-21 21:42:02,894 [INFO] [STATS] 🍪 Cookie: 200,000 | CPS: 8.0 | Strutture: 0
2026-02-21 21:42:18,560 [INFO] [BUY] Acquisto: Upgrade #0 (costo: 0 | payoff: 0.0s)
2026-02-21 21:42:32,898 [INFO] [STATS] 🍪 Cookie: 200,000 | CPS: 8.0 | Strutture: 0
2026-02-21 21:42:35,292 [INFO] [BUY] Acquisto: Upgrade #0 (costo: 0 | payoff: 0.0s)
2026-02-21 21:42:51,489 [INFO] [BUY] Acquisto: Upgrade #0 (costo: 0 | payoff: 0.0s)
2026-02-21 21:43:02,900 [INFO] [STATS] 🍪 Cookie: 200,000 | CPS: 8.0 | Strutture: 0
2026-02-21 21:43:07,561 [INFO] [BUY] Acquisto: Upgrade #0 (costo: 0 | payoff: 0.0s)
2026-02-21 21:43:22,767 [INFO] [BUY] Acquisto: Upgrade #0 (costo: 0 | payoff: 0.0s)
2026-02-21 21:43:32,902 [INFO] [STATS] 🍪 Cookie: 200,000 | CPS: 8.0 | Strutture: 0
2026-02-21 21:43:39,228 [INFO] [BUY] Acquisto: Upgrade #0 (costo: 0 | payoff: 0.0s)
2026-02-21 21:43:55,917 [INFO] [BUY] Acquisto: Upgrade #0 (costo: 0 | payoff: 0.0s)
2026-02-21 21:44:02,910 [INFO] [STATS] 🍪 Cookie: 200,000 | CPS: 8.0 | Strutture: 0
2026-02-21 21:44:13,337 [INFO] [BUY] Acquisto: Upgrade #0 (costo: 0 | payoff: 0.0s)
2026-02-21 21:44:30,893 [INFO] [BUY] Acquisto: Upgrade #0 (costo: 0 | payoff: 0.0s)
2026-02-21 21:44:32,949 [INFO] [STATS] 🍪 Cookie: 200,000 | CPS: 8.0 | Strutture: 0
2026-02-21 21:44:47,257 [INFO] [BUY] Acquisto: Upgrade #0 (costo: 0 | payoff: 0.0s)
2026-02-21 21:45:02,955 [INFO] [STATS] 🍪 Cookie: 200,000 | CPS: 8.0 | Strutture: 0
2026-02-21 21:45:04,140 [INFO] [BUY] Acquisto: Upgrade #0 (costo: 0 | payoff: 0.0s)
2026-02-21 21:45:20,464 [INFO] [BUY] Acquisto: Upgrade #0 (costo: 0 | payoff: 0.0s)
2026-02-21 21:45:32,961 [INFO] [STATS] 🍪 Cookie: 200,000 | CPS: 3.0 | Strutture: 0
2026-02-21 21:45:36,489 [INFO] [BUY] Acquisto: Upgrade #0 (costo: 0 | payoff: 0.0s)
2026-02-21 21:45:52,660 [INFO] [BUY] Acquisto: Upgrade #0 (costo: 0 | payoff: 0.0s)
2026-02-21 21:46:02,999 [INFO] [STATS] 🍪 Cookie: 200,000 | CPS: 3.0 | Strutture: 0
2026-02-21 21:46:09,379 [INFO] [BUY] Acquisto: Upgrade #0 (costo: 0 | payoff: 0.0s)
2026-02-21 21:46:25,956 [INFO] [BUY] Acquisto: Upgrade #0 (costo: 0 | payoff: 0.0s)
2026-02-21 21:46:33,010 [INFO] [STATS] 🍪 Cookie: 200,000 | CPS: 3.0 | Strutture: 0
2026-02-21 21:46:42,628 [INFO] [BUY] Acquisto: Upgrade #0 (costo: 0 | payoff: 0.0s)
2026-02-21 21:46:59,587 [INFO] [BUY] Acquisto: Upgrade #0 (costo: 0 | payoff: 0.0s)
2026-02-21 21:47:03,024 [INFO] [STATS] 🍪 Cookie: 200,000 | CPS: 5.0 | Strutture: 0
2026-02-21 21:47:16,395 [INFO] [BUY] Acquisto: Upgrade #0 (costo: 0 | payoff: 0.0s)
2026-02-21 21:47:32,981 [INFO] [BUY] Acquisto: Upgrade #0 (costo: 0 | payoff: 0.0s)
2026-02-21 21:47:33,030 [INFO] [STATS] 🍪 Cookie: 200,000 | CPS: 5.0 | Strutture: 0
2026-02-21 21:47:49,749 [INFO] [BUY] Acquisto: Upgrade #0 (costo: 0 | payoff: 0.0s)
2026-02-21 21:48:03,043 [INFO] [STATS] 🍪 Cookie: 200,000 | CPS: 5.0 | Strutture: 0
2026-02-21 21:48:05,911 [INFO] [BUY] Acquisto: Upgrade #0 (costo: 0 | payoff: 0.0s)
2026-02-21 21:48:21,769 [INFO] [BUY] Acquisto: Upgrade #0 (costo: 0 | payoff: 0.0s)
2026-02-21 21:48:33,055 [INFO] [STATS] 🍪 Cookie: 200,000 | CPS: 5.0 | Strutture: 0
2026-02-21 21:48:38,627 [INFO] [BUY] Acquisto: Upgrade #0 (costo: 0 | payoff: 0.0s)
2026-02-21 21:48:55,454 [INFO] [BUY] Acquisto: Upgrade #0 (costo: 0 | payoff: 0.0s)
2026-02-21 21:49:03,060 [INFO] [STATS] 🍪 Cookie: 200,000 | CPS: 5.0 | Strutture: 0
2026-02-21 21:49:12,307 [INFO] [BUY] Acquisto: Upgrade #0 (costo: 0 | payoff: 0.0s)
2026-02-21 21:49:28,425 [INFO] [BUY] Acquisto: Upgrade #0 (costo: 0 | payoff: 0.0s)
2026-02-21 21:49:33,063 [INFO] [STATS] 🍪 Cookie: 200,000 | CPS: 5.0 | Strutture: 0
2026-02-21 21:49:44,037 [INFO] [BUY] Acquisto: Upgrade #0 (costo: 0 | payoff: 0.0s)
2026-02-21 21:50:00,243 [INFO] [BUY] Acquisto: Upgrade #0 (costo: 0 | payoff: 0.0s)
2026-02-21 21:50:03,087 [INFO] [STATS] 🍪 Cookie: 200,000 | CPS: 5.0 | Strutture: 0
2026-02-21 21:50:15,698 [INFO] [BUY] Acquisto: Upgrade #0 (costo: 0 | payoff: 0.0s)
2026-02-21 21:50:31,774 [INFO] [BUY] Acquisto: Upgrade #0 (costo: 0 | payoff: 0.0s)
2026-02-21 21:50:33,142 [INFO] [STATS] 🍪 Cookie: 200,000 | CPS: 5.0 | Strutture: 0
2026-02-21 21:50:47,894 [INFO] [BUY] Acquisto: Upgrade #0 (costo: 0 | payoff: 0.0s)
2026-02-21 21:51:03,145 [INFO] [STATS] 🍪 Cookie: 200,000 | CPS: 5.0 | Strutture: 0
2026-02-21 21:51:04,269 [INFO] [BUY] Acquisto: Upgrade #0 (costo: 0 | payoff: 0.0s)
2026-02-21 21:51:20,821 [INFO] [BUY] Acquisto: Upgrade #0 (costo: 0 | payoff: 0.0s)
2026-02-21 21:51:33,152 [INFO] [STATS] 🍪 Cookie: 2,000,000 | CPS: 5.0 | Strutture: 0
2026-02-21 21:51:37,724 [INFO] [BUY] Acquisto: Upgrade #0 (costo: 0 | payoff: 0.0s)
2026-02-21 21:51:54,038 [INFO] [BUY] Acquisto: Upgrade #0 (costo: 0 | payoff: 0.0s)
2026-02-21 21:52:03,160 [INFO] [STATS] 🍪 Cookie: 2,000,000 | CPS: 5.0 | Strutture: 0
2026-02-21 21:52:10,058 [INFO] [BUY] Acquisto: Upgrade #0 (costo: 0 | payoff: 0.0s)
2026-02-21 21:52:25,687 [INFO] [BUY] Acquisto: Upgrade #0 (costo: 0 | payoff: 0.0s)
2026-02-21 21:52:33,179 [INFO] [STATS] 🍪 Cookie: 2,000,000 | CPS: 5.0 | Strutture: 0
2026-02-21 21:52:41,735 [INFO] [BUY] Acquisto: Upgrade #0 (costo: 0 | payoff: 0.0s)
2026-02-21 21:52:58,621 [INFO] [BUY] Acquisto: Upgrade #0 (costo: 0 | payoff: 0.0s)
2026-02-21 21:53:03,181 [INFO] [STATS] 🍪 Cookie: 2,000,000 | CPS: 5.0 | Strutture: 0
2026-02-21 21:53:14,354 [INFO] [BUY] Acquisto: Upgrade #0 (costo: 0 | payoff: 0.0s)
2026-02-21 21:53:32,615 [INFO] [BUY] Acquisto: Upgrade #0 (costo: 0 | payoff: 0.0s)
2026-02-21 21:53:33,186 [INFO] [STATS] 🍪 Cookie: 2,000,000 | CPS: 5.0 | Strutture: 0
2026-02-21 21:53:48,655 [INFO] [BUY] Acquisto: Upgrade #0 (costo: 0 | payoff: 0.0s)
2026-02-21 21:54:03,188 [INFO] [STATS] 🍪 Cookie: 2,000,000 | CPS: 5.0 | Strutture: 0
2026-02-21 21:54:04,463 [INFO] [BUY] Acquisto: Upgrade #0 (costo: 0 | payoff: 0.0s)
2026-02-21 21:54:21,927 [INFO] [BUY] Acquisto: Upgrade #0 (costo: 0 | payoff: 0.0s)
2026-02-21 21:54:33,205 [INFO] [STATS] 🍪 Cookie: 2,000,000 | CPS: 5.0 | Strutture: 0
2026-02-21 21:54:39,675 [INFO] [BUY] Acquisto: Upgrade #0 (costo: 0 | payoff: 0.0s)
2026-02-21 21:54:56,006 [INFO] [BUY] Acquisto: Upgrade #0 (costo: 0 | payoff: 0.0s)
2026-02-21 21:55:03,222 [INFO] [STATS] 🍪 Cookie: 2,000,000 | CPS: 5.0 | Strutture: 0
2026-02-21 21:55:12,632 [INFO] [BUY] Acquisto: Upgrade #0 (costo: 0 | payoff: 0.0s)
2026-02-21 21:55:29,585 [INFO] [BUY] Acquisto: Upgrade #0 (costo: 0 | payoff: 0.0s)
2026-02-21 21:55:33,239 [INFO] [STATS] 🍪 Cookie: 2 | CPS: 5.0 | Strutture: 0
2026-02-21 21:55:46,367 [INFO] [BUY] Acquisto: Upgrade #0 (costo: 0 | payoff: 0.0s)
2026-02-21 21:56:02,301 [INFO] [BUY] Acquisto: Upgrade #0 (costo: 0 | payoff: 0.0s)
2026-02-21 21:56:03,245 [INFO] [STATS] 🍪 Cookie: 2 | CPS: 5.0 | Strutture: 0
2026-02-21 21:56:19,002 [INFO] [BUY] Acquisto: Upgrade #0 (costo: 0 | payoff: 0.0s)
2026-02-21 21:56:33,256 [INFO] [STATS] 🍪 Cookie: 7,000,000 | CPS: 5.0 | Strutture: 0
2026-02-21 21:56:36,071 [INFO] [BUY] Acquisto: Upgrade #0 (costo: 0 | payoff: 0.0s)
2026-02-21 21:56:52,884 [INFO] [BUY] Acquisto: Upgrade #0 (costo: 0 | payoff: 0.0s)
2026-02-21 21:57:03,263 [INFO] [STATS] 🍪 Cookie: 7,000,000 | CPS: 5.0 | Strutture: 0
2026-02-21 21:57:10,255 [INFO] [BUY] Acquisto: Upgrade #0 (costo: 0 | payoff: 0.0s)
2026-02-21 21:57:27,751 [INFO] [BUY] Acquisto: Upgrade #0 (costo: 0 | payoff: 0.0s)
2026-02-21 21:57:33,269 [INFO] [STATS] 🍪 Cookie: 7,000,000 | CPS: 5.0 | Strutture: 0
2026-02-21 21:57:45,823 [INFO] [BUY] Acquisto: Upgrade #0 (costo: 0 | payoff: 0.0s)
2026-02-21 21:58:02,513 [INFO] [BUY] Acquisto: Upgrade #0 (costo: 0 | payoff: 0.0s)
2026-02-21 21:58:03,280 [INFO] [STATS] 🍪 Cookie: 7,000,000 | CPS: 5.0 | Strutture: 0
2026-02-21 21:58:21,195 [INFO] [BUY] Acquisto: Upgrade #0 (costo: 0 | payoff: 0.0s)
2026-02-21 21:58:33,307 [INFO] [STATS] 🍪 Cookie: 7,000,000 | CPS: 5.0 | Strutture: 0
2026-02-21 21:58:36,187 [INFO] [BUY] Acquisto: Upgrade #0 (costo: 0 | payoff: 0.0s)
2026-02-21 21:58:51,195 [INFO] [BUY] Acquisto: Upgrade #0 (costo: 0 | payoff: 0.0s)
2026-02-21 21:59:03,312 [INFO] [STATS] 🍪 Cookie: 7,000,000 | CPS: 5.0 | Strutture: 0
2026-02-21 21:59:06,462 [INFO] [BUY] Acquisto: Upgrade #0 (costo: 0 | payoff: 0.0s)
2026-02-21 21:59:21,547 [INFO] [BUY] Acquisto: Upgrade #0 (costo: 0 | payoff: 0.0s)
2026-02-21 21:59:33,317 [INFO] [STATS] 🍪 Cookie: 7,000,000 | CPS: 5.0 | Strutture: 0
2026-02-21 21:59:38,815 [INFO] [BUY] Acquisto: Upgrade #0 (costo: 0 | payoff: 0.0s)
2026-02-21 21:59:53,451 [INFO] [BUY] Acquisto: Upgrade #0 (costo: 0 | payoff: 0.0s)
2026-02-21 22:00:03,322 [INFO] [STATS] 🍪 Cookie: 7,000,000 | CPS: 5.0 | Strutture: 0
2026-02-21 22:00:08,373 [INFO] [BUY] Acquisto: Upgrade #0 (costo: 0 | payoff: 0.0s)
2026-02-21 22:00:23,159 [INFO] [BUY] Acquisto: Upgrade #0 (costo: 0 | payoff: 0.0s)
2026-02-21 22:00:33,326 [INFO] [STATS] 🍪 Cookie: 7,000,000 | CPS: 0.1 | Strutture: 0
2026-02-21 22:00:38,008 [INFO] [BUY] Acquisto: Upgrade #0 (costo: 0 | payoff: 0.0s)
2026-02-21 22:00:52,963 [INFO] [BUY] Acquisto: Upgrade #0 (costo: 0 | payoff: 0.0s)
2026-02-21 22:01:03,334 [INFO] [STATS] 🍪 Cookie: 7,000,000 | CPS: 0.1 | Strutture: 0
2026-02-21 22:01:07,814 [INFO] [BUY] Acquisto: Upgrade #0 (costo: 0 | payoff: 0.0s)
2026-02-21 22:01:22,152 [INFO] [BUY] Acquisto: Upgrade #0 (costo: 0 | payoff: 0.0s)
2026-02-21 22:01:33,337 [INFO] [STATS] 🍪 Cookie: 7,000,000 | CPS: 0.1 | Strutture: 0
2026-02-21 22:01:38,115 [INFO] [BUY] Acquisto: Upgrade #0 (costo: 0 | payoff: 0.0s)
2026-02-21 22:01:53,536 [INFO] [BUY] Acquisto: Upgrade #0 (costo: 0 | payoff: 0.0s)
2026-02-21 22:02:03,341 [INFO] [STATS] 🍪 Cookie: 7,000,000 | CPS: 0.1 | Strutture: 0
2026-02-21 22:02:08,157 [INFO] [BUY] Acquisto: Upgrade #0 (costo: 0 | payoff: 0.0s)
2026-02-21 22:02:22,862 [INFO] [BUY] Acquisto: Upgrade #0 (costo: 0 | payoff: 0.0s)
2026-02-21 22:02:33,352 [INFO] [STATS] 🍪 Cookie: 7,000,000 | CPS: 0.1 | Strutture: 0
2026-02-21 22:02:38,523 [INFO] [BUY] Acquisto: Upgrade #0 (costo: 0 | payoff: 0.0s)
2026-02-21 22:02:53,889 [INFO] [BUY] Acquisto: Upgrade #0 (costo: 0 | payoff: 0.0s)
2026-02-21 22:03:03,353 [INFO] [STATS] 🍪 Cookie: 7,000,000 | CPS: 0.1 | Strutture: 0
2026-02-21 22:03:08,851 [INFO] [BUY] Acquisto: Upgrade #0 (costo: 0 | payoff: 0.0s)
2026-02-21 22:03:23,889 [INFO] [BUY] Acquisto: Upgrade #0 (costo: 0 | payoff: 0.0s)
2026-02-21 22:03:33,356 [INFO] [STATS] 🍪 Cookie: 7,000,000 | CPS: 0.1 | Strutture: 0
2026-02-21 22:03:38,816 [INFO] [BUY] Acquisto: Upgrade #0 (costo: 0 | payoff: 0.0s)
2026-02-21 22:03:53,185 [INFO] [BUY] Acquisto: Upgrade #0 (costo: 0 | payoff: 0.0s)
2026-02-21 22:04:03,359 [INFO] [STATS] 🍪 Cookie: 7,000,000 | CPS: 0.1 | Strutture: 0
2026-02-21 22:04:07,874 [INFO] [BUY] Acquisto: Upgrade #0 (costo: 0 | payoff: 0.0s)
2026-02-21 22:04:22,379 [INFO] [BUY] Acquisto: Upgrade #0 (costo: 0 | payoff: 0.0s)
2026-02-21 22:04:33,367 [INFO] [STATS] 🍪 Cookie: 7,000,000 | CPS: 400.0 | Strutture: 0
2026-02-21 22:04:38,723 [INFO] [BUY] Acquisto: Upgrade #0 (costo: 0 | payoff: 0.0s)
2026-02-21 22:04:53,983 [INFO] [BUY] Acquisto: Upgrade #0 (costo: 0 | payoff: 0.0s)
2026-02-21 22:05:03,376 [INFO] [STATS] 🍪 Cookie: 7,000,000 | CPS: 400.0 | Strutture: 0
2026-02-21 22:05:08,814 [INFO] [BUY] Acquisto: Upgrade #0 (costo: 0 | payoff: 0.0s)
2026-02-21 22:05:24,852 [INFO] [BUY] Acquisto: Upgrade #0 (costo: 0 | payoff: 0.0s)
2026-02-21 22:05:33,380 [INFO] [STATS] 🍪 Cookie: 7,000,000 | CPS: 400.0 | Strutture: 0
2026-02-21 22:05:40,025 [INFO] [BUY] Acquisto: Upgrade #0 (costo: 0 | payoff: 0.0s)
2026-02-21 22:05:54,043 [INFO] [BUY] Acquisto: Upgrade #0 (costo: 0 | payoff: 0.0s)
2026-02-21 22:06:03,382 [INFO] [STATS] 🍪 Cookie: 7,000,000 | CPS: 400.0 | Strutture: 0
2026-02-21 22:06:07,812 [INFO] [BUY] Acquisto: Upgrade #0 (costo: 0 | payoff: 0.0s)
2026-02-21 22:06:22,028 [INFO] [BUY] Acquisto: Upgrade #0 (costo: 0 | payoff: 0.0s)
2026-02-21 22:06:33,387 [INFO] [STATS] 🍪 Cookie: 2,000,000 | CPS: 0.5 | Strutture: 0
2026-02-21 22:06:36,452 [INFO] [BUY] Acquisto: Upgrade #0 (costo: 0 | payoff: 0.0s)
2026-02-21 22:06:50,468 [INFO] [BUY] Acquisto: Upgrade #0 (costo: 0 | payoff: 0.0s)
2026-02-21 22:07:03,426 [INFO] [STATS] 🍪 Cookie: 2,000,000 | CPS: 0.5 | Strutture: 0
2026-02-21 22:07:05,580 [INFO] [BUY] Acquisto: Upgrade #0 (costo: 0 | payoff: 0.0s)
2026-02-21 22:07:20,146 [INFO] [BUY] Acquisto: Upgrade #0 (costo: 0 | payoff: 0.0s)
2026-02-21 22:07:33,437 [INFO] [STATS] 🍪 Cookie: 2,000,000 | CPS: 0.5 | Strutture: 0
2026-02-21 22:07:34,768 [INFO] [BUY] Acquisto: Upgrade #0 (costo: 0 | payoff: 0.0s)
2026-02-21 22:07:48,955 [INFO] [BUY] Acquisto: Upgrade #0 (costo: 0 | payoff: 0.0s)
2026-02-21 22:08:03,138 [INFO] [BUY] Acquisto: Upgrade #0 (costo: 0 | payoff: 0.0s)
2026-02-21 22:08:03,437 [INFO] [STATS] 🍪 Cookie: 2,000,000 | CPS: 0.5 | Strutture: 0
2026-02-21 22:08:17,255 [INFO] [BUY] Acquisto: Upgrade #0 (costo: 0 | payoff: 0.0s)
2026-02-21 22:08:31,149 [INFO] [BUY] Acquisto: Upgrade #0 (costo: 0 | payoff: 0.0s)
2026-02-21 22:08:33,440 [INFO] [STATS] 🍪 Cookie: 2,000,000 | CPS: 0.5 | Strutture: 0
2026-02-21 22:08:45,668 [INFO] [BUY] Acquisto: Upgrade #0 (costo: 0 | payoff: 0.0s)
2026-02-21 22:09:00,931 [INFO] [BUY] Acquisto: Upgrade #0 (costo: 0 | payoff: 0.0s)
2026-02-21 22:09:03,445 [INFO] [STATS] 🍪 Cookie: 2,000,000 | CPS: 0.5 | Strutture: 0
2026-02-21 22:09:15,838 [INFO] [BUY] Acquisto: Upgrade #0 (costo: 0 | payoff: 0.0s)
2026-02-21 22:09:30,488 [INFO] [BUY] Acquisto: Upgrade #0 (costo: 0 | payoff: 0.0s)
2026-02-21 22:09:33,453 [INFO] [STATS] 🍪 Cookie: 2,000,000 | CPS: 0.5 | Strutture: 0
2026-02-21 22:09:45,910 [INFO] [BUY] Acquisto: Upgrade #0 (costo: 0 | payoff: 0.0s)
2026-02-21 22:09:59,896 [INFO] [BUY] Acquisto: Upgrade #0 (costo: 0 | payoff: 0.0s)
2026-02-21 22:10:03,476 [INFO] [STATS] 🍪 Cookie: 2,000,000 | CPS: 0.5 | Strutture: 0
2026-02-21 22:10:14,503 [INFO] [BUY] Acquisto: Upgrade #0 (costo: 0 | payoff: 0.0s)
2026-02-21 22:10:28,616 [INFO] [BUY] Acquisto: Upgrade #0 (costo: 0 | payoff: 0.0s)
2026-02-21 22:10:33,477 [INFO] [STATS] 🍪 Cookie: 2,000,000 | CPS: 0.5 | Strutture: 0
2026-02-21 22:10:42,768 [INFO] [BUY] Acquisto: Upgrade #0 (costo: 0 | payoff: 0.0s)
2026-02-21 22:10:57,970 [INFO] [BUY] Acquisto: Upgrade #0 (costo: 0 | payoff: 0.0s)
2026-02-21 22:11:03,495 [INFO] [STATS] 🍪 Cookie: 2,000,000 | CPS: 0.5 | Strutture: 0
2026-02-21 22:11:12,722 [INFO] [BUY] Acquisto: Upgrade #0 (costo: 0 | payoff: 0.0s)
2026-02-21 22:11:26,761 [INFO] [BUY] Acquisto: Upgrade #0 (costo: 0 | payoff: 0.0s)
2026-02-21 22:11:33,508 [INFO] [STATS] 🍪 Cookie: 2,000,000 | CPS: 0.5 | Strutture: 0
2026-02-21 22:11:43,717 [INFO] [BUY] Acquisto: Upgrade #0 (costo: 0 | payoff: 0.0s)
2026-02-21 22:11:58,583 [INFO] [BUY] Acquisto: Upgrade #0 (costo: 0 | payoff: 0.0s)
2026-02-21 22:12:03,529 [INFO] [STATS] 🍪 Cookie: 2,000,000 | CPS: 0.5 | Strutture: 0
2026-02-21 22:12:13,974 [INFO] [BUY] Acquisto: Upgrade #0 (costo: 0 | payoff: 0.0s)
2026-02-21 22:12:29,892 [INFO] [BUY] Acquisto: Upgrade #0 (costo: 0 | payoff: 0.0s)
2026-02-21 22:12:33,566 [INFO] [STATS] 🍪 Cookie: 2,000,000 | CPS: 0.5 | Strutture: 0
2026-02-21 22:12:45,350 [INFO] [BUY] Acquisto: Upgrade #0 (costo: 0 | payoff: 0.0s)
2026-02-21 22:13:00,224 [INFO] [BUY] Acquisto: Upgrade #0 (costo: 0 | payoff: 0.0s)
2026-02-21 22:13:03,571 [INFO] [STATS] 🍪 Cookie: 2,000,000 | CPS: 0.5 | Strutture: 0
2026-02-21 22:13:14,923 [INFO] [BUY] Acquisto: Upgrade #0 (costo: 0 | payoff: 0.0s)
2026-02-21 22:13:29,052 [INFO] [BUY] Acquisto: Upgrade #0 (costo: 0 | payoff: 0.0s)
2026-02-21 22:13:33,576 [INFO] [STATS] 🍪 Cookie: 2,000,000 | CPS: 0.5 | Strutture: 0
2026-02-21 22:13:44,167 [INFO] [BUY] Acquisto: Upgrade #0 (costo: 0 | payoff: 0.0s)
2026-02-21 22:13:59,508 [INFO] [BUY] Acquisto: Upgrade #0 (costo: 0 | payoff: 0.0s)
2026-02-21 22:14:03,577 [INFO] [STATS] 🍪 Cookie: 2,000,000 | CPS: 0.5 | Strutture: 0
2026-02-21 22:14:14,972 [INFO] [BUY] Acquisto: Upgrade #0 (costo: 0 | payoff: 0.0s)
2026-02-21 22:14:29,410 [INFO] [BUY] Acquisto: Upgrade #0 (costo: 0 | payoff: 0.0s)
2026-02-21 22:14:33,618 [INFO] [STATS] 🍪 Cookie: 2,000,000 | CPS: 2.0 | Strutture: 0
2026-02-21 22:14:45,177 [INFO] [BUY] Acquisto: Upgrade #0 (costo: 0 | payoff: 0.0s)
2026-02-21 22:14:59,935 [INFO] [BUY] Acquisto: Upgrade #0 (costo: 0 | payoff: 0.0s)
2026-02-21 22:15:03,625 [INFO] [STATS] 🍪 Cookie: 2,000,000 | CPS: 2.0 | Strutture: 0
2026-02-21 22:15:15,228 [INFO] [BUY] Acquisto: Upgrade #0 (costo: 0 | payoff: 0.0s)
2026-02-21 22:15:29,935 [INFO] [BUY] Acquisto: Upgrade #0 (costo: 0 | payoff: 0.0s)
2026-02-21 22:15:33,661 [INFO] [STATS] 🍪 Cookie: 2,000,000 | CPS: 2.0 | Strutture: 0
2026-02-21 22:15:44,688 [INFO] [BUY] Acquisto: Upgrade #0 (costo: 0 | payoff: 0.0s)
2026-02-21 22:15:59,788 [INFO] [BUY] Acquisto: Upgrade #0 (costo: 0 | payoff: 0.0s)
2026-02-21 22:16:03,671 [INFO] [STATS] 🍪 Cookie: 2,000,000 | CPS: 2.0 | Strutture: 0
2026-02-21 22:16:14,393 [INFO] [BUY] Acquisto: Upgrade #0 (costo: 0 | payoff: 0.0s)
2026-02-21 22:16:28,680 [INFO] [BUY] Acquisto: Upgrade #0 (costo: 0 | payoff: 0.0s)
2026-02-21 22:16:33,674 [INFO] [STATS] 🍪 Cookie: 2,000,000 | CPS: 7.0 | Strutture: 0
2026-02-21 22:16:43,932 [INFO] [BUY] Acquisto: Upgrade #0 (costo: 0 | payoff: 0.0s)
2026-02-21 22:16:58,839 [INFO] [BUY] Acquisto: Upgrade #0 (costo: 0 | payoff: 0.0s)
2026-02-21 22:17:03,678 [INFO] [STATS] 🍪 Cookie: 2,000,000 | CPS: 7.0 | Strutture: 0
2026-02-21 22:17:13,549 [INFO] [BUY] Acquisto: Upgrade #0 (costo: 0 | payoff: 0.0s)
2026-02-21 22:17:27,843 [INFO] [BUY] Acquisto: Upgrade #0 (costo: 0 | payoff: 0.0s)
2026-02-21 22:17:33,704 [INFO] [STATS] 🍪 Cookie: 2,000,000 | CPS: 7.0 | Strutture: 0
2026-02-21 22:17:43,221 [INFO] [BUY] Acquisto: Upgrade #0 (costo: 0 | payoff: 0.0s)
2026-02-21 22:17:57,352 [INFO] [BUY] Acquisto: Upgrade #0 (costo: 0 | payoff: 0.0s)
2026-02-21 22:18:03,708 [INFO] [STATS] 🍪 Cookie: 2,000,000 | CPS: 7.0 | Strutture: 0
2026-02-21 22:18:12,450 [INFO] [BUY] Acquisto: Upgrade #0 (costo: 0 | payoff: 0.0s)
2026-02-21 22:18:28,067 [INFO] [BUY] Acquisto: Upgrade #0 (costo: 0 | payoff: 0.0s)
2026-02-21 22:18:33,727 [INFO] [STATS] 🍪 Cookie: 2,000,000 | CPS: 7.0 | Strutture: 0
2026-02-21 22:18:42,768 [INFO] [BUY] Acquisto: Upgrade #0 (costo: 0 | payoff: 0.0s)
2026-02-21 22:18:57,176 [INFO] [BUY] Acquisto: Upgrade #0 (costo: 0 | payoff: 0.0s)
2026-02-21 22:19:03,731 [INFO] [STATS] 🍪 Cookie: 2,000,000 | CPS: 7.0 | Strutture: 0
2026-02-21 22:19:11,880 [INFO] [BUY] Acquisto: Upgrade #0 (costo: 0 | payoff: 0.0s)
2026-02-21 22:19:26,532 [INFO] [BUY] Acquisto: Upgrade #0 (costo: 0 | payoff: 0.0s)
2026-02-21 22:19:33,742 [INFO] [STATS] 🍪 Cookie: 2,000,000 | CPS: 7.0 | Strutture: 0
2026-02-21 22:19:43,597 [INFO] [BUY] Acquisto: Upgrade #0 (costo: 0 | payoff: 0.0s)
2026-02-21 22:19:58,770 [INFO] [BUY] Acquisto: Upgrade #0 (costo: 0 | payoff: 0.0s)
2026-02-21 22:20:03,745 [INFO] [STATS] 🍪 Cookie: 2,000,000 | CPS: 7.0 | Strutture: 0
2026-02-21 22:20:13,152 [INFO] [BUY] Acquisto: Upgrade #0 (costo: 0 | payoff: 0.0s)
2026-02-21 22:20:28,403 [INFO] [BUY] Acquisto: Upgrade #0 (costo: 0 | payoff: 0.0s)
2026-02-21 22:20:33,773 [INFO] [STATS] 🍪 Cookie: 2,000,000 | CPS: 7.0 | Strutture: 0
2026-02-21 22:20:43,256 [INFO] [BUY] Acquisto: Upgrade #0 (costo: 0 | payoff: 0.0s)
2026-02-21 22:20:57,777 [INFO] [BUY] Acquisto: Upgrade #0 (costo: 0 | payoff: 0.0s)
2026-02-21 22:21:03,781 [INFO] [STATS] 🍪 Cookie: 2,000,000 | CPS: 7.0 | Strutture: 0
2026-02-21 22:21:12,579 [INFO] [BUY] Acquisto: Upgrade #0 (costo: 0 | payoff: 0.0s)
2026-02-21 22:21:27,594 [INFO] [BUY] Acquisto: Upgrade #0 (costo: 0 | payoff: 0.0s)
2026-02-21 22:21:33,796 [INFO] [STATS] 🍪 Cookie: 2,000,000 | CPS: 7.0 | Strutture: 0
2026-02-21 22:21:42,484 [INFO] [BUY] Acquisto: Upgrade #0 (costo: 0 | payoff: 0.0s)
2026-02-21 22:21:56,969 [INFO] [BUY] Acquisto: Upgrade #0 (costo: 0 | payoff: 0.0s)
2026-02-21 22:22:03,800 [INFO] [STATS] 🍪 Cookie: 2,000,000 | CPS: 7.0 | Strutture: 0
2026-02-21 22:22:12,162 [INFO] [BUY] Acquisto: Upgrade #0 (costo: 0 | payoff: 0.0s)
2026-02-21 22:22:26,505 [INFO] [BUY] Acquisto: Upgrade #0 (costo: 0 | payoff: 0.0s)
2026-02-21 22:22:33,802 [INFO] [STATS] 🍪 Cookie: 2,000,000 | CPS: 7.0 | Strutture: 0
2026-02-21 22:22:41,644 [INFO] [BUY] Acquisto: Upgrade #0 (costo: 0 | payoff: 0.0s)
2026-02-21 22:22:56,481 [INFO] [BUY] Acquisto: Upgrade #0 (costo: 0 | payoff: 0.0s)
2026-02-21 22:23:03,834 [INFO] [STATS] 🍪 Cookie: 2,000,000 | CPS: 7.0 | Strutture: 0
2026-02-21 22:23:11,506 [INFO] [BUY] Acquisto: Upgrade #0 (costo: 0 | payoff: 0.0s)
2026-02-21 22:23:26,134 [INFO] [BUY] Acquisto: Upgrade #0 (costo: 0 | payoff: 0.0s)
2026-02-21 22:23:33,842 [INFO] [STATS] 🍪 Cookie: 2,000,000 | CPS: 7.0 | Strutture: 0
2026-02-21 22:23:40,885 [INFO] [BUY] Acquisto: Upgrade #0 (costo: 0 | payoff: 0.0s)
2026-02-21 22:23:55,648 [INFO] [BUY] Acquisto: Upgrade #0 (costo: 0 | payoff: 0.0s)
2026-02-21 22:24:03,844 [INFO] [STATS] 🍪 Cookie: 2,000,000 | CPS: 7.0 | Strutture: 0
2026-02-21 22:24:10,841 [INFO] [BUY] Acquisto: Upgrade #0 (costo: 0 | payoff: 0.0s)
2026-02-21 22:24:25,467 [INFO] [BUY] Acquisto: Upgrade #0 (costo: 0 | payoff: 0.0s)
2026-02-21 22:24:33,852 [INFO] [STATS] 🍪 Cookie: 2,000,000 | CPS: 65.0 | Strutture: 0
2026-02-21 22:24:40,384 [INFO] [BUY] Acquisto: Upgrade #0 (costo: 0 | payoff: 0.0s)
2026-02-21 22:24:54,846 [INFO] [BUY] Acquisto: Upgrade #0 (costo: 0 | payoff: 0.0s)
2026-02-21 22:25:03,860 [INFO] [STATS] 🍪 Cookie: 2,000,000 | CPS: 65.0 | Strutture: 0
2026-02-21 22:25:09,769 [INFO] [BUY] Acquisto: Upgrade #0 (costo: 0 | payoff: 0.0s)
2026-02-21 22:25:24,794 [INFO] [BUY] Acquisto: Upgrade #0 (costo: 0 | payoff: 0.0s)
2026-02-21 22:25:33,864 [INFO] [STATS] 🍪 Cookie: 2,000,000 | CPS: 65.0 | Strutture: 0
2026-02-21 22:25:39,880 [INFO] [BUY] Acquisto: Upgrade #0 (costo: 0 | payoff: 0.0s)
2026-02-21 22:25:55,102 [INFO] [BUY] Acquisto: Upgrade #0 (costo: 0 | payoff: 0.0s)
2026-02-21 22:26:03,885 [INFO] [STATS] 🍪 Cookie: 2,000,000 | CPS: 65.0 | Strutture: 0
2026-02-21 22:26:10,757 [INFO] [BUY] Acquisto: Upgrade #0 (costo: 0 | payoff: 0.0s)
2026-02-21 22:26:25,023 [INFO] [BUY] Acquisto: Upgrade #0 (costo: 0 | payoff: 0.0s)
2026-02-21 22:26:33,893 [INFO] [STATS] 🍪 Cookie: 2,000,000 | CPS: 65.0 | Strutture: 0
2026-02-21 22:26:40,624 [INFO] [BUY] Acquisto: Upgrade #0 (costo: 0 | payoff: 0.0s)
2026-02-21 22:26:56,031 [INFO] [BUY] Acquisto: Upgrade #0 (costo: 0 | payoff: 0.0s)
2026-02-21 22:27:03,911 [INFO] [STATS] 🍪 Cookie: 2,000,000 | CPS: 65.0 | Strutture: 0
2026-02-21 22:27:11,563 [INFO] [BUY] Acquisto: Upgrade #0 (costo: 0 | payoff: 0.0s)
2026-02-21 22:27:26,946 [INFO] [BUY] Acquisto: Upgrade #0 (costo: 0 | payoff: 0.0s)
2026-02-21 22:27:33,951 [INFO] [STATS] 🍪 Cookie: 2,000,000 | CPS: 65.0 | Strutture: 0
2026-02-21 22:27:41,578 [INFO] [BUY] Acquisto: Upgrade #0 (costo: 0 | payoff: 0.0s)
2026-02-21 22:27:56,316 [INFO] [BUY] Acquisto: Upgrade #0 (costo: 0 | payoff: 0.0s)
2026-02-21 22:28:03,955 [INFO] [STATS] 🍪 Cookie: 2,000,000 | CPS: 65.0 | Strutture: 0
2026-02-21 22:28:11,054 [INFO] [BUY] Acquisto: Upgrade #0 (costo: 0 | payoff: 0.0s)
2026-02-21 22:28:25,477 [INFO] [BUY] Acquisto: Upgrade #0 (costo: 0 | payoff: 0.0s)
2026-02-21 22:28:33,956 [INFO] [STATS] 🍪 Cookie: 2,000,000 | CPS: 65.0 | Strutture: 0
2026-02-21 22:28:40,170 [INFO] [BUY] Acquisto: Upgrade #0 (costo: 0 | payoff: 0.0s)
2026-02-21 22:28:54,890 [INFO] [BUY] Acquisto: Upgrade #0 (costo: 0 | payoff: 0.0s)
2026-02-21 22:29:03,966 [INFO] [STATS] 🍪 Cookie: 2,000,000 | CPS: 65.0 | Strutture: 0
2026-02-21 22:29:09,865 [INFO] [BUY] Acquisto: Upgrade #0 (costo: 0 | payoff: 0.0s)
2026-02-21 22:29:24,964 [INFO] [BUY] Acquisto: Upgrade #0 (costo: 0 | payoff: 0.0s)
2026-02-21 22:29:33,970 [INFO] [STATS] 🍪 Cookie: 2,000,000 | CPS: 65.0 | Strutture: 0
2026-02-21 22:29:39,508 [INFO] [BUY] Acquisto: Upgrade #0 (costo: 0 | payoff: 0.0s)
2026-02-21 22:29:53,809 [INFO] [BUY] Acquisto: Upgrade #0 (costo: 0 | payoff: 0.0s)
2026-02-21 22:30:03,981 [INFO] [STATS] 🍪 Cookie: 2,000,000 | CPS: 65.0 | Strutture: 0
2026-02-21 22:30:08,792 [INFO] [BUY] Acquisto: Upgrade #0 (costo: 0 | payoff: 0.0s)
2026-02-21 22:30:23,387 [INFO] [BUY] Acquisto: Upgrade #0 (costo: 0 | payoff: 0.0s)
2026-02-21 22:30:33,985 [INFO] [STATS] 🍪 Cookie: 2,000,000 | CPS: 65.0 | Strutture: 0
2026-02-21 22:30:38,163 [INFO] [BUY] Acquisto: Upgrade #0 (costo: 0 | payoff: 0.0s)
2026-02-21 22:30:53,750 [INFO] [BUY] Acquisto: Upgrade #0 (costo: 0 | payoff: 0.0s)
2026-02-21 22:31:04,006 [INFO] [STATS] 🍪 Cookie: 2,000,000 | CPS: 65.0 | Strutture: 0
2026-02-21 22:31:08,605 [INFO] [BUY] Acquisto: Upgrade #0 (costo: 0 | payoff: 0.0s)
2026-02-21 22:31:23,770 [INFO] [BUY] Acquisto: Upgrade #0 (costo: 0 | payoff: 0.0s)
2026-02-21 22:31:34,041 [INFO] [STATS] 🍪 Cookie: 2,000,000 | CPS: 65.0 | Strutture: 0
2026-02-21 22:31:38,971 [INFO] [BUY] Acquisto: Upgrade #0 (costo: 0 | payoff: 0.0s)
2026-02-21 22:31:53,541 [INFO] [BUY] Acquisto: Upgrade #0 (costo: 0 | payoff: 0.0s)
2026-02-21 22:32:04,050 [INFO] [STATS] 🍪 Cookie: 2,000,000 | CPS: 1.0 | Strutture: 0
2026-02-21 22:32:09,046 [INFO] [BUY] Acquisto: Upgrade #0 (costo: 0 | payoff: 0.0s)
2026-02-21 22:32:23,347 [INFO] [BUY] Acquisto: Upgrade #0 (costo: 0 | payoff: 0.0s)
2026-02-21 22:32:34,054 [INFO] [STATS] 🍪 Cookie: 2,000,000 | CPS: 7.0 | Strutture: 0
2026-02-21 22:32:38,220 [INFO] [BUY] Acquisto: Upgrade #0 (costo: 0 | payoff: 0.0s)
2026-02-21 22:32:53,066 [INFO] [BUY] Acquisto: Upgrade #0 (costo: 0 | payoff: 0.0s)
2026-02-21 22:33:04,074 [INFO] [STATS] 🍪 Cookie: 2,000,000 | CPS: 7.0 | Strutture: 0
2026-02-21 22:33:08,591 [INFO] [BUY] Acquisto: Upgrade #0 (costo: 0 | payoff: 0.0s)
2026-02-21 22:33:23,521 [INFO] [BUY] Acquisto: Upgrade #0 (costo: 0 | payoff: 0.0s)
2026-02-21 22:33:34,076 [INFO] [STATS] 🍪 Cookie: 2,000,000 | CPS: 7.0 | Strutture: 0
2026-02-21 22:33:38,598 [INFO] [BUY] Acquisto: Upgrade #0 (costo: 0 | payoff: 0.0s)
2026-02-21 22:33:53,927 [INFO] [BUY] Acquisto: Upgrade #0 (costo: 0 | payoff: 0.0s)
2026-02-21 22:34:04,085 [INFO] [STATS] 🍪 Cookie: 2,000,000 | CPS: 7.0 | Strutture: 0
2026-02-21 22:34:08,681 [INFO] [BUY] Acquisto: Upgrade #0 (costo: 0 | payoff: 0.0s)
2026-02-21 22:34:23,785 [INFO] [BUY] Acquisto: Upgrade #0 (costo: 0 | payoff: 0.0s)
2026-02-21 22:34:34,086 [INFO] [STATS] 🍪 Cookie: 2,000,000 | CPS: 7.0 | Strutture: 0
2026-02-21 22:34:38,669 [INFO] [BUY] Acquisto: Upgrade #0 (costo: 0 | payoff: 0.0s)
2026-02-21 22:34:53,908 [INFO] [BUY] Acquisto: Upgrade #0 (costo: 0 | payoff: 0.0s)
2026-02-21 22:35:04,090 [INFO] [STATS] 🍪 Cookie: 2,000,000 | CPS: 7.0 | Strutture: 0
2026-02-21 22:35:08,439 [INFO] [BUY] Acquisto: Upgrade #0 (costo: 0 | payoff: 0.0s)
2026-02-21 22:35:22,944 [INFO] [BUY] Acquisto: Upgrade #0 (costo: 0 | payoff: 0.0s)
2026-02-21 22:35:34,100 [INFO] [STATS] 🍪 Cookie: 2,000,000 | CPS: 7.0 | Strutture: 0
2026-02-21 22:35:37,698 [INFO] [BUY] Acquisto: Upgrade #0 (costo: 0 | payoff: 0.0s)
2026-02-21 22:35:52,749 [INFO] [BUY] Acquisto: Upgrade #0 (costo: 0 | payoff: 0.0s)
2026-02-21 22:36:04,106 [INFO] [STATS] 🍪 Cookie: 2,000,000 | CPS: 7.0 | Strutture: 0
2026-02-21 22:36:07,240 [INFO] [BUY] Acquisto: Upgrade #0 (costo: 0 | payoff: 0.0s)
2026-02-21 22:36:21,677 [INFO] [BUY] Acquisto: Upgrade #0 (costo: 0 | payoff: 0.0s)
2026-02-21 22:36:34,108 [INFO] [STATS] 🍪 Cookie: 2,000,000 | CPS: 7.0 | Strutture: 0
2026-02-21 22:36:35,731 [INFO] [BUY] Acquisto: Upgrade #0 (costo: 0 | payoff: 0.0s)
2026-02-21 22:36:50,779 [INFO] [BUY] Acquisto: Upgrade #0 (costo: 0 | payoff: 0.0s)
2026-02-21 22:37:04,113 [INFO] [STATS] 🍪 Cookie: 2,000,000 | CPS: 7.0 | Strutture: 0
2026-02-21 22:37:05,352 [INFO] [BUY] Acquisto: Upgrade #0 (costo: 0 | payoff: 0.0s)
2026-02-21 22:37:21,564 [INFO] [BUY] Acquisto: Upgrade #0 (costo: 0 | payoff: 0.0s)
2026-02-21 22:37:34,115 [INFO] [STATS] 🍪 Cookie: 2,000,000 | CPS: 7.0 | Strutture: 0
2026-02-21 22:37:36,858 [INFO] [BUY] Acquisto: Upgrade #0 (costo: 0 | payoff: 0.0s)
2026-02-21 22:37:51,278 [INFO] [BUY] Acquisto: Upgrade #0 (costo: 0 | payoff: 0.0s)
2026-02-21 22:38:04,116 [INFO] [STATS] 🍪 Cookie: 2,000,000 | CPS: 7.0 | Strutture: 0
2026-02-21 22:38:05,937 [INFO] [BUY] Acquisto: Upgrade #0 (costo: 0 | payoff: 0.0s)
2026-02-21 22:38:20,427 [INFO] [BUY] Acquisto: Upgrade #0 (costo: 0 | payoff: 0.0s)
2026-02-21 22:38:34,133 [INFO] [STATS] 🍪 Cookie: 22,000,000,000 | CPS: 7.0 | Strutture: 0
2026-02-21 22:38:35,403 [INFO] [BUY] Acquisto: Upgrade #0 (costo: 0 | payoff: 0.0s)
2026-02-21 22:38:50,406 [INFO] [BUY] Acquisto: Upgrade #0 (costo: 0 | payoff: 0.0s)
2026-02-21 22:39:04,138 [INFO] [STATS] 🍪 Cookie: 22,000,000,000 | CPS: 7.0 | Strutture: 0
2026-02-21 22:39:05,124 [INFO] [BUY] Acquisto: Upgrade #0 (costo: 0 | payoff: 0.0s)
2026-02-21 22:39:19,542 [INFO] [BUY] Acquisto: Upgrade #0 (costo: 0 | payoff: 0.0s)
2026-02-21 22:39:33,836 [INFO] [BUY] Acquisto: Upgrade #0 (costo: 0 | payoff: 0.0s)
2026-02-21 22:39:34,141 [INFO] [STATS] 🍪 Cookie: 22,000,000,000 | CPS: 7.0 | Strutture: 0
2026-02-21 22:39:48,367 [INFO] [BUY] Acquisto: Upgrade #0 (costo: 0 | payoff: 0.0s)
2026-02-21 22:40:02,451 [INFO] [BUY] Acquisto: Upgrade #0 (costo: 0 | payoff: 0.0s)
2026-02-21 22:40:04,143 [INFO] [STATS] 🍪 Cookie: 22,000,000,000 | CPS: 7.0 | Strutture: 0
2026-02-21 22:40:17,386 [INFO] [BUY] Acquisto: Upgrade #0 (costo: 0 | payoff: 0.0s)
2026-02-21 22:40:31,934 [INFO] [BUY] Acquisto: Upgrade #0 (costo: 0 | payoff: 0.0s)
2026-02-21 22:40:34,149 [INFO] [STATS] 🍪 Cookie: 22,000,000,000 | CPS: 7.0 | Strutture: 0
2026-02-21 22:40:46,929 [INFO] [BUY] Acquisto: Upgrade #0 (costo: 0 | payoff: 0.0s)
2026-02-21 22:41:02,176 [INFO] [BUY] Acquisto: Upgrade #0 (costo: 0 | payoff: 0.0s)
2026-02-21 22:41:04,152 [INFO] [STATS] 🍪 Cookie: 22,000,000,000 | CPS: 7.0 | Strutture: 0
2026-02-21 22:41:16,633 [INFO] [BUY] Acquisto: Upgrade #0 (costo: 0 | payoff: 0.0s)
2026-02-21 22:41:32,416 [INFO] [BUY] Acquisto: Upgrade #0 (costo: 0 | payoff: 0.0s)
2026-02-21 22:41:34,155 [INFO] [STATS] 🍪 Cookie: 22,000,000,000 | CPS: 7.0 | Strutture: 0
2026-02-21 22:41:48,022 [INFO] [BUY] Acquisto: Upgrade #0 (costo: 0 | payoff: 0.0s)
2026-02-21 22:42:03,198 [INFO] [BUY] Acquisto: Upgrade #0 (costo: 0 | payoff: 0.0s)
2026-02-21 22:42:04,163 [INFO] [STATS] 🍪 Cookie: 22,000,000,000 | CPS: 7.0 | Strutture: 0
2026-02-21 22:42:18,227 [INFO] [BUY] Acquisto: Upgrade #0 (costo: 0 | payoff: 0.0s)
2026-02-21 22:42:32,825 [INFO] [BUY] Acquisto: Upgrade #0 (costo: 0 | payoff: 0.0s)
2026-02-21 22:42:34,170 [INFO] [STATS] 🍪 Cookie: 22,000,000,000 | CPS: 7.0 | Strutture: 0
2026-02-21 22:42:47,622 [INFO] [BUY] Acquisto: Upgrade #0 (costo: 0 | payoff: 0.0s)
2026-02-21 22:43:02,050 [INFO] [BUY] Acquisto: Upgrade #0 (costo: 0 | payoff: 0.0s)
2026-02-21 22:43:04,178 [INFO] [STATS] 🍪 Cookie: 22,000,000,000 | CPS: 7.0 | Strutture: 0
2026-02-21 22:43:16,992 [INFO] [BUY] Acquisto: Upgrade #0 (costo: 0 | payoff: 0.0s)
2026-02-21 22:43:31,533 [INFO] [BUY] Acquisto: Upgrade #0 (costo: 0 | payoff: 0.0s)
2026-02-21 22:43:34,182 [INFO] [STATS] 🍪 Cookie: 22,000,000,000 | CPS: 7.0 | Strutture: 0
2026-02-21 22:43:46,217 [INFO] [BUY] Acquisto: Upgrade #0 (costo: 0 | payoff: 0.0s)
2026-02-21 22:44:00,856 [INFO] [BUY] Acquisto: Upgrade #0 (costo: 0 | payoff: 0.0s)
2026-02-21 22:44:04,192 [INFO] [STATS] 🍪 Cookie: 7,000,000,000 | CPS: 7.0 | Strutture: 0
2026-02-21 22:44:15,138 [INFO] [BUY] Acquisto: Upgrade #0 (costo: 0 | payoff: 0.0s)
2026-02-21 22:44:30,509 [INFO] [BUY] Acquisto: Upgrade #0 (costo: 0 | payoff: 0.0s)
2026-02-21 22:44:34,225 [INFO] [STATS] 🍪 Cookie: 7,000,000,000 | CPS: 7.0 | Strutture: 0
2026-02-21 22:44:45,198 [INFO] [BUY] Acquisto: Upgrade #0 (costo: 0 | payoff: 0.0s)
2026-02-21 22:44:59,987 [INFO] [BUY] Acquisto: Upgrade #0 (costo: 0 | payoff: 0.0s)
2026-02-21 22:45:04,243 [INFO] [STATS] 🍪 Cookie: 7,000,000,000 | CPS: 7.0 | Strutture: 0
2026-02-21 22:45:14,662 [INFO] [BUY] Acquisto: Upgrade #0 (costo: 0 | payoff: 0.0s)
2026-02-21 22:45:29,223 [INFO] [BUY] Acquisto: Upgrade #0 (costo: 0 | payoff: 0.0s)
2026-02-21 22:45:34,251 [INFO] [STATS] 🍪 Cookie: 7,000,000,000 | CPS: 7.0 | Strutture: 0
2026-02-21 22:45:44,212 [INFO] [BUY] Acquisto: Upgrade #0 (costo: 0 | payoff: 0.0s)
2026-02-21 22:45:59,818 [INFO] [BUY] Acquisto: Upgrade #0 (costo: 0 | payoff: 0.0s)
2026-02-21 22:46:04,253 [INFO] [STATS] 🍪 Cookie: 7,000,000,000 | CPS: 7.0 | Strutture: 0
2026-02-21 22:46:14,206 [INFO] [BUY] Acquisto: Upgrade #0 (costo: 0 | payoff: 0.0s)
2026-02-21 22:46:28,248 [INFO] [BUY] Acquisto: Upgrade #0 (costo: 0 | payoff: 0.0s)
2026-02-21 22:46:34,257 [INFO] [STATS] 🍪 Cookie: 7,000,000,000 | CPS: 7.0 | Strutture: 0
2026-02-21 22:46:42,710 [INFO] [BUY] Acquisto: Upgrade #0 (costo: 0 | payoff: 0.0s)
2026-02-21 22:46:57,162 [INFO] [BUY] Acquisto: Upgrade #0 (costo: 0 | payoff: 0.0s)
2026-02-21 22:47:04,263 [INFO] [STATS] 🍪 Cookie: 7,000,000,000 | CPS: 7.0 | Strutture: 0
2026-02-21 22:47:12,231 [INFO] [BUY] Acquisto: Upgrade #0 (costo: 0 | payoff: 0.0s)
2026-02-21 22:47:27,000 [INFO] [BUY] Acquisto: Upgrade #0 (costo: 0 | payoff: 0.0s)
2026-02-21 22:47:34,268 [INFO] [STATS] 🍪 Cookie: 7,000,000,000 | CPS: 7.0 | Strutture: 0
2026-02-21 22:47:42,429 [INFO] [BUY] Acquisto: Upgrade #0 (costo: 0 | payoff: 0.0s)
2026-02-21 22:47:58,229 [INFO] [BUY] Acquisto: Upgrade #0 (costo: 0 | payoff: 0.0s)
2026-02-21 22:48:02,868 [ERROR] [STATE] Errore durante update(): screen grab failed
Traceback (most recent call last):
  File "C:\Users\Laptop\OneDrive\Desktop\bot cookie clicker\game_state.py", line 72, in update
    self._update_buildings()
    ~~~~~~~~~~~~~~~~~~~~~~^^
  File "C:\Users\Laptop\OneDrive\Desktop\bot cookie clicker\game_state.py", line 103, in _update_buildings
    buildings = self.screen_reader.read_shop()
  File "C:\Users\Laptop\OneDrive\Desktop\bot cookie clicker\screen_reader.py", line 349, in read_shop
    img = ImageGrab.grab(bbox=bbox)
  File "C:\Users\Laptop\AppData\Local\Programs\Python\Python314\Lib\site-packages\PIL\ImageGrab.py", line 89, in grab
    offset, size, data = Image.core.grabscreen_win32(
                         ~~~~~~~~~~~~~~~~~~~~~~~~~~~^
        include_layered_windows,
        ^^^^^^^^^^^^^^^^^^^^^^^^
        all_screens,
        ^^^^^^^^^^^^
        int(window) if window is not None else 0,
        ^^^^^^^^^^^^^^^^^^^^^^^^^^^^^^^^^^^^^^^^^
    )
    ^
OSError: screen grab failed
2026-02-21 22:48:02,901 [INFO] [BUY] Acquisto: Upgrade #0 (costo: 0 | payoff: 0.0s)
2026-02-21 22:48:04,274 [INFO] [STATS] 🍪 Cookie: 7,000,000,000 | CPS: 7.0 | Strutture: 0
2026-02-21 22:48:07,490 [INFO] 
2026-02-21 22:48:07,495 [INFO] [STOP] CTRL+C ricevuto — arresto del bot...
2026-02-21 22:48:07,645 [INFO] [STOP] Bot fermato. Arrivederci!
