2026-02-22 11:12:58,403 [INFO] ==================================================
2026-02-22 11:12:58,403 [INFO]   🍪 Cookie Clicker Bot — Avvio
2026-02-22 11:12:58,404 [INFO] ==================================================
2026-02-22 11:13:00,648 [INFO] [INIT] Cerco la finestra di Cookie Clicker su Steam...
2026-02-22 11:13:00,951 [INFO] [WINDOW] Finestra trovata: WindowRect(left=0, top=0, width=1920, height=1080)
2026-02-22 11:13:00,951 [INFO] [INIT] Finestra trovata: WindowRect(left=0, top=0, width=1920, height=1080)
2026-02-22 11:13:00,959 [INFO] [SCREEN] Template Golden Cookie caricato: C:\Users\Laptop\OneDrive\Desktop\bot cookie clicker\golden_cookie_template.png
2026-02-22 11:13:05,977 [INFO] [INIT] Prima lettura dello stato del gioco...
2026-02-22 11:13:06,863 [INFO] [INIT] Stato iniziale: GameState(cookies=0, cps=0.0, buildings=0, upgrades=8)
2026-02-22 11:13:06,863 [INFO] [CLICKER] Avviato — 20 click/sec
2026-02-22 11:13:06,863 [INFO] [THREAD] 'CookieClicker' avviato.
2026-02-22 11:13:06,872 [INFO] [GOLDEN] Scanner avviato — ogni 0.5s
2026-02-22 11:13:06,872 [INFO] [THREAD] 'GoldenCookie' avviato.
2026-02-22 11:13:06,958 [INFO] [BUY] Loop acquisti avviato — ogni 2.0s
2026-02-22 11:13:06,958 [INFO] [THREAD] 'BuyLoop' avviato.
2026-02-22 11:13:07,021 [INFO] 
2026-02-22 11:13:07,043 [INFO] ✅ Bot attivo! Premi CTRL+C per fermarlo.
2026-02-22 11:13:07,045 [INFO] 
2026-02-22 11:13:08,553 [INFO] [BUY] Acquisto: Upgrade #0 (costo: 0 | payoff: 0.0s)
2026-02-22 11:13:12,272 [INFO] [BUY] Acquisto: Upgrade #0 (costo: 0 | payoff: 0.0s)
2026-02-22 11:13:16,281 [INFO] [BUY] Acquisto: Upgrade #0 (costo: 0 | payoff: 0.0s)
2026-02-22 11:13:18,142 [INFO] 
2026-02-22 11:13:18,145 [INFO] [STOP] CTRL+C ricevuto — arresto del bot...
2026-02-22 11:13:18,452 [INFO] [STOP] Bot fermato. Arrivederci!
