2026-02-21 23:48:55,037 [INFO] ==================================================
2026-02-21 23:48:55,040 [INFO]   🍪 Cookie Clicker Bot — Avvio
2026-02-21 23:48:55,043 [INFO] ==================================================
2026-02-21 23:48:56,618 [INFO] [INIT] Cerco la finestra di Cookie Clicker su Steam...
2026-02-21 23:48:56,950 [INFO] [WINDOW] Finestra trovata: WindowRect(left=-9, top=-9, width=1938, height=1038)
2026-02-21 23:48:56,956 [INFO] [INIT] Finestra trovata: WindowRect(left=-9, top=-9, width=1938, height=1038)
2026-02-21 23:48:56,970 [INFO] [SCREEN] Template Golden Cookie caricato: C:\Users\Laptop\OneDrive\Desktop\bot cookie clicker\golden_cookie_template.png
2026-02-21 23:49:02,062 [INFO] [INIT] Prima lettura dello stato del gioco...
2026-02-21 23:49:02,934 [INFO] [INIT] Stato iniziale: GameState(cookies=0, cps=0.0, buildings=0, upgrades=8)
2026-02-21 23:49:02,935 [INFO] [CLICKER] Avviato — 20 click/sec
2026-02-21 23:49:02,935 [INFO] [THREAD] 'CookieClicker' avviato.
2026-02-21 23:49:02,935 [INFO] [GOLDEN] Scanner avviato — ogni 0.5s
2026-02-21 23:49:02,936 [INFO] [THREAD] 'GoldenCookie' avviato.
2026-02-21 23:49:02,979 [INFO] [BUY] Loop acquisti avviato — ogni 2.0s
2026-02-21 23:49:02,980 [INFO] [THREAD] 'BuyLoop' avviato.
2026-02-21 23:49:03,031 [INFO] 
2026-02-21 23:49:03,031 [INFO] ✅ Bot attivo! Premi CTRL+C per fermarlo.
2026-02-21 23:49:03,031 [INFO] 
2026-02-21 23:49:04,510 [INFO] [BUY] Acquisto: Upgrade #0 (costo: 0 | payoff: 0.0s)
2026-02-21 23:49:07,841 [INFO] [BUY] Acquisto: Upgrade #0 (costo: 0 | payoff: 0.0s)
2026-02-21 23:49:11,201 [INFO] [BUY] Acquisto: Upgrade #0 (costo: 0 | payoff: 0.0s)
2026-02-21 23:49:14,642 [INFO] [BUY] Acquisto: Upgrade #0 (costo: 0 | payoff: 0.0s)
2026-02-21 23:49:18,011 [INFO] [BUY] Acquisto: Upgrade #0 (costo: 0 | payoff: 0.0s)
2026-02-21 23:49:21,467 [INFO] [BUY] Acquisto: Upgrade #0 (costo: 0 | payoff: 0.0s)
2026-02-21 23:49:24,846 [INFO] [BUY] Acquisto: Upgrade #0 (costo: 0 | payoff: 0.0s)
2026-02-21 23:49:28,300 [INFO] [BUY] Acquisto: Upgrade #0 (costo: 0 | payoff: 0.0s)
2026-02-21 23:49:31,617 [INFO] [BUY] Acquisto: Upgrade #0 (costo: 0 | payoff: 0.0s)
2026-02-21 23:49:33,034 [INFO] [STATS] 🍪 Cookie: 0 | CPS: 0.0 | Strutture: 0
2026-02-21 23:49:35,098 [INFO] [BUY] Acquisto: Upgrade #0 (costo: 0 | payoff: 0.0s)
2026-02-21 23:49:38,412 [INFO] [BUY] Acquisto: Upgrade #0 (costo: 0 | payoff: 0.0s)
2026-02-21 23:49:41,881 [INFO] [BUY] Acquisto: Upgrade #0 (costo: 0 | payoff: 0.0s)
2026-02-21 23:49:45,785 [INFO] [BUY] Acquisto: Upgrade #0 (costo: 0 | payoff: 0.0s)
2026-02-21 23:49:47,503 [INFO] 
2026-02-21 23:49:47,504 [INFO] [STOP] CTRL+C ricevuto — arresto del bot...
2026-02-21 23:49:47,886 [INFO] [STOP] Bot fermato. Arrivederci!
